This is pdfTeX, Version 3.1415926-2.5-1.40.14 (TeX Live 2013/Debian) (format=pdflatex 2016.6.12)  1 OCT 2016 10:04
entering extended mode
 restricted \write18 enabled.
 %&-line parsing enabled.
**tesis_main.tex
(./tesis_main.tex
LaTeX2e <2011/06/27>
Babel <3.9h> and hyphenation patterns for 4 languages loaded.
(/usr/share/texlive/texmf-dist/tex/latex/base/report.cls
Document Class: report 2007/10/19 v1.4h Standard LaTeX document class
(/usr/share/texlive/texmf-dist/tex/latex/base/size12.clo
File: size12.clo 2007/10/19 v1.4h Standard LaTeX file (size option)
)
\c@part=\count79
\c@chapter=\count80
\c@section=\count81
\c@subsection=\count82
\c@subsubsection=\count83
\c@paragraph=\count84
\c@subparagraph=\count85
\c@figure=\count86
\c@table=\count87
\abovecaptionskip=\skip41
\belowcaptionskip=\skip42
\bibindent=\dimen102
)
(/usr/share/texlive/texmf-dist/tex/latex/listings/listings.sty
(/usr/share/texlive/texmf-dist/tex/latex/graphics/keyval.sty
Package: keyval 1999/03/16 v1.13 key=value parser (DPC)
\KV@toks@=\toks14
)
\lst@mode=\count88
\lst@gtempboxa=\box26
\lst@token=\toks15
\lst@length=\count89
\lst@currlwidth=\dimen103
\lst@column=\count90
\lst@pos=\count91
\lst@lostspace=\dimen104
\lst@width=\dimen105
\lst@newlines=\count92
\lst@lineno=\count93
\lst@maxwidth=\dimen106

(/usr/share/texlive/texmf-dist/tex/latex/listings/lstmisc.sty
File: lstmisc.sty 2013/08/26 1.5b (Carsten Heinz)
\c@lstnumber=\count94
\lst@skipnumbers=\count95
\lst@framebox=\box27
)
(/usr/share/texlive/texmf-dist/tex/latex/listings/listings.cfg
File: listings.cfg 2013/08/26 1.5b listings configuration
))
Package: listings 2013/08/26 1.5b (Carsten Heinz)

(/usr/share/texlive/texmf-dist/tex/latex/base/inputenc.sty
Package: inputenc 2008/03/30 v1.1d Input encoding file
\inpenc@prehook=\toks16
\inpenc@posthook=\toks17

(/usr/share/texlive/texmf-dist/tex/latex/base/utf8.def
File: utf8.def 2008/04/05 v1.1m UTF-8 support for inputenc
Now handling font encoding OML ...
... no UTF-8 mapping file for font encoding OML
Now handling font encoding T1 ...
... processing UTF-8 mapping file for font encoding T1

(/usr/share/texlive/texmf-dist/tex/latex/base/t1enc.dfu
File: t1enc.dfu 2008/04/05 v1.1m UTF-8 support for inputenc
   defining Unicode char U+00A1 (decimal 161)
   defining Unicode char U+00A3 (decimal 163)
   defining Unicode char U+00AB (decimal 171)
   defining Unicode char U+00BB (decimal 187)
   defining Unicode char U+00BF (decimal 191)
   defining Unicode char U+00C0 (decimal 192)
   defining Unicode char U+00C1 (decimal 193)
   defining Unicode char U+00C2 (decimal 194)
   defining Unicode char U+00C3 (decimal 195)
   defining Unicode char U+00C4 (decimal 196)
   defining Unicode char U+00C5 (decimal 197)
   defining Unicode char U+00C6 (decimal 198)
   defining Unicode char U+00C7 (decimal 199)
   defining Unicode char U+00C8 (decimal 200)
   defining Unicode char U+00C9 (decimal 201)
   defining Unicode char U+00CA (decimal 202)
   defining Unicode char U+00CB (decimal 203)
   defining Unicode char U+00CC (decimal 204)
   defining Unicode char U+00CD (decimal 205)
   defining Unicode char U+00CE (decimal 206)
   defining Unicode char U+00CF (decimal 207)
   defining Unicode char U+00D0 (decimal 208)
   defining Unicode char U+00D1 (decimal 209)
   defining Unicode char U+00D2 (decimal 210)
   defining Unicode char U+00D3 (decimal 211)
   defining Unicode char U+00D4 (decimal 212)
   defining Unicode char U+00D5 (decimal 213)
   defining Unicode char U+00D6 (decimal 214)
   defining Unicode char U+00D8 (decimal 216)
   defining Unicode char U+00D9 (decimal 217)
   defining Unicode char U+00DA (decimal 218)
   defining Unicode char U+00DB (decimal 219)
   defining Unicode char U+00DC (decimal 220)
   defining Unicode char U+00DD (decimal 221)
   defining Unicode char U+00DE (decimal 222)
   defining Unicode char U+00DF (decimal 223)
   defining Unicode char U+00E0 (decimal 224)
   defining Unicode char U+00E1 (decimal 225)
   defining Unicode char U+00E2 (decimal 226)
   defining Unicode char U+00E3 (decimal 227)
   defining Unicode char U+00E4 (decimal 228)
   defining Unicode char U+00E5 (decimal 229)
   defining Unicode char U+00E6 (decimal 230)
   defining Unicode char U+00E7 (decimal 231)
   defining Unicode char U+00E8 (decimal 232)
   defining Unicode char U+00E9 (decimal 233)
   defining Unicode char U+00EA (decimal 234)
   defining Unicode char U+00EB (decimal 235)
   defining Unicode char U+00EC (decimal 236)
   defining Unicode char U+00ED (decimal 237)
   defining Unicode char U+00EE (decimal 238)
   defining Unicode char U+00EF (decimal 239)
   defining Unicode char U+00F0 (decimal 240)
   defining Unicode char U+00F1 (decimal 241)
   defining Unicode char U+00F2 (decimal 242)
   defining Unicode char U+00F3 (decimal 243)
   defining Unicode char U+00F4 (decimal 244)
   defining Unicode char U+00F5 (decimal 245)
   defining Unicode char U+00F6 (decimal 246)
   defining Unicode char U+00F8 (decimal 248)
   defining Unicode char U+00F9 (decimal 249)
   defining Unicode char U+00FA (decimal 250)
   defining Unicode char U+00FB (decimal 251)
   defining Unicode char U+00FC (decimal 252)
   defining Unicode char U+00FD (decimal 253)
   defining Unicode char U+00FE (decimal 254)
   defining Unicode char U+00FF (decimal 255)
   defining Unicode char U+0102 (decimal 258)
   defining Unicode char U+0103 (decimal 259)
   defining Unicode char U+0104 (decimal 260)
   defining Unicode char U+0105 (decimal 261)
   defining Unicode char U+0106 (decimal 262)
   defining Unicode char U+0107 (decimal 263)
   defining Unicode char U+010C (decimal 268)
   defining Unicode char U+010D (decimal 269)
   defining Unicode char U+010E (decimal 270)
   defining Unicode char U+010F (decimal 271)
   defining Unicode char U+0110 (decimal 272)
   defining Unicode char U+0111 (decimal 273)
   defining Unicode char U+0118 (decimal 280)
   defining Unicode char U+0119 (decimal 281)
   defining Unicode char U+011A (decimal 282)
   defining Unicode char U+011B (decimal 283)
   defining Unicode char U+011E (decimal 286)
   defining Unicode char U+011F (decimal 287)
   defining Unicode char U+0130 (decimal 304)
   defining Unicode char U+0131 (decimal 305)
   defining Unicode char U+0132 (decimal 306)
   defining Unicode char U+0133 (decimal 307)
   defining Unicode char U+0139 (decimal 313)
   defining Unicode char U+013A (decimal 314)
   defining Unicode char U+013D (decimal 317)
   defining Unicode char U+013E (decimal 318)
   defining Unicode char U+0141 (decimal 321)
   defining Unicode char U+0142 (decimal 322)
   defining Unicode char U+0143 (decimal 323)
   defining Unicode char U+0144 (decimal 324)
   defining Unicode char U+0147 (decimal 327)
   defining Unicode char U+0148 (decimal 328)
   defining Unicode char U+014A (decimal 330)
   defining Unicode char U+014B (decimal 331)
   defining Unicode char U+0150 (decimal 336)
   defining Unicode char U+0151 (decimal 337)
   defining Unicode char U+0152 (decimal 338)
   defining Unicode char U+0153 (decimal 339)
   defining Unicode char U+0154 (decimal 340)
   defining Unicode char U+0155 (decimal 341)
   defining Unicode char U+0158 (decimal 344)
   defining Unicode char U+0159 (decimal 345)
   defining Unicode char U+015A (decimal 346)
   defining Unicode char U+015B (decimal 347)
   defining Unicode char U+015E (decimal 350)
   defining Unicode char U+015F (decimal 351)
   defining Unicode char U+0160 (decimal 352)
   defining Unicode char U+0161 (decimal 353)
   defining Unicode char U+0162 (decimal 354)
   defining Unicode char U+0163 (decimal 355)
   defining Unicode char U+0164 (decimal 356)
   defining Unicode char U+0165 (decimal 357)
   defining Unicode char U+016E (decimal 366)
   defining Unicode char U+016F (decimal 367)
   defining Unicode char U+0170 (decimal 368)
   defining Unicode char U+0171 (decimal 369)
   defining Unicode char U+0178 (decimal 376)
   defining Unicode char U+0179 (decimal 377)
   defining Unicode char U+017A (decimal 378)
   defining Unicode char U+017B (decimal 379)
   defining Unicode char U+017C (decimal 380)
   defining Unicode char U+017D (decimal 381)
   defining Unicode char U+017E (decimal 382)
   defining Unicode char U+200C (decimal 8204)
   defining Unicode char U+2013 (decimal 8211)
   defining Unicode char U+2014 (decimal 8212)
   defining Unicode char U+2018 (decimal 8216)
   defining Unicode char U+2019 (decimal 8217)
   defining Unicode char U+201A (decimal 8218)
   defining Unicode char U+201C (decimal 8220)
   defining Unicode char U+201D (decimal 8221)
   defining Unicode char U+201E (decimal 8222)
   defining Unicode char U+2030 (decimal 8240)
   defining Unicode char U+2031 (decimal 8241)
   defining Unicode char U+2039 (decimal 8249)
   defining Unicode char U+203A (decimal 8250)
   defining Unicode char U+2423 (decimal 9251)
)
Now handling font encoding OT1 ...
... processing UTF-8 mapping file for font encoding OT1

(/usr/share/texlive/texmf-dist/tex/latex/base/ot1enc.dfu
File: ot1enc.dfu 2008/04/05 v1.1m UTF-8 support for inputenc
   defining Unicode char U+00A1 (decimal 161)
   defining Unicode char U+00A3 (decimal 163)
   defining Unicode char U+00B8 (decimal 184)
   defining Unicode char U+00BF (decimal 191)
   defining Unicode char U+00C5 (decimal 197)
   defining Unicode char U+00C6 (decimal 198)
   defining Unicode char U+00D8 (decimal 216)
   defining Unicode char U+00DF (decimal 223)
   defining Unicode char U+00E6 (decimal 230)
   defining Unicode char U+00EC (decimal 236)
   defining Unicode char U+00ED (decimal 237)
   defining Unicode char U+00EE (decimal 238)
   defining Unicode char U+00EF (decimal 239)
   defining Unicode char U+00F8 (decimal 248)
   defining Unicode char U+0131 (decimal 305)
   defining Unicode char U+0141 (decimal 321)
   defining Unicode char U+0142 (decimal 322)
   defining Unicode char U+0152 (decimal 338)
   defining Unicode char U+0153 (decimal 339)
   defining Unicode char U+2013 (decimal 8211)
   defining Unicode char U+2014 (decimal 8212)
   defining Unicode char U+2018 (decimal 8216)
   defining Unicode char U+2019 (decimal 8217)
   defining Unicode char U+201C (decimal 8220)
   defining Unicode char U+201D (decimal 8221)
)
Now handling font encoding OMS ...
... processing UTF-8 mapping file for font encoding OMS

(/usr/share/texlive/texmf-dist/tex/latex/base/omsenc.dfu
File: omsenc.dfu 2008/04/05 v1.1m UTF-8 support for inputenc
   defining Unicode char U+00A7 (decimal 167)
   defining Unicode char U+00B6 (decimal 182)
   defining Unicode char U+00B7 (decimal 183)
   defining Unicode char U+2020 (decimal 8224)
   defining Unicode char U+2021 (decimal 8225)
   defining Unicode char U+2022 (decimal 8226)
)
Now handling font encoding OMX ...
... no UTF-8 mapping file for font encoding OMX
Now handling font encoding U ...
... no UTF-8 mapping file for font encoding U
   defining Unicode char U+00A9 (decimal 169)
   defining Unicode char U+00AA (decimal 170)
   defining Unicode char U+00AE (decimal 174)
   defining Unicode char U+00BA (decimal 186)
   defining Unicode char U+02C6 (decimal 710)
   defining Unicode char U+02DC (decimal 732)
   defining Unicode char U+200C (decimal 8204)
   defining Unicode char U+2026 (decimal 8230)
   defining Unicode char U+2122 (decimal 8482)
   defining Unicode char U+2423 (decimal 9251)
))
(/usr/share/texlive/texmf-dist/tex/latex/import/import.sty
Package: import 2009/03/23  v 5.1
)
(/usr/share/texlive/texmf-dist/tex/latex/base/textcomp.sty
Package: textcomp 2005/09/27 v1.99g Standard LaTeX package
Package textcomp Info: Sub-encoding information:
(textcomp)               5 = only ISO-Adobe without \textcurrency
(textcomp)               4 = 5 + \texteuro
(textcomp)               3 = 4 + \textohm
(textcomp)               2 = 3 + \textestimated + \textcurrency
(textcomp)               1 = TS1 - \textcircled - \t
(textcomp)               0 = TS1 (full)
(textcomp)             Font families with sub-encoding setting implement
(textcomp)             only a restricted character set as indicated.
(textcomp)             Family '?' is the default used for unknown fonts.
(textcomp)             See the documentation for details.
Package textcomp Info: Setting ? sub-encoding to TS1/1 on input line 71.

(/usr/share/texlive/texmf-dist/tex/latex/base/ts1enc.def
File: ts1enc.def 2001/06/05 v3.0e (jk/car/fm) Standard LaTeX file
Now handling font encoding TS1 ...
... processing UTF-8 mapping file for font encoding TS1

(/usr/share/texlive/texmf-dist/tex/latex/base/ts1enc.dfu
File: ts1enc.dfu 2008/04/05 v1.1m UTF-8 support for inputenc
   defining Unicode char U+00A2 (decimal 162)
   defining Unicode char U+00A3 (decimal 163)
   defining Unicode char U+00A4 (decimal 164)
   defining Unicode char U+00A5 (decimal 165)
   defining Unicode char U+00A6 (decimal 166)
   defining Unicode char U+00A7 (decimal 167)
   defining Unicode char U+00A8 (decimal 168)
   defining Unicode char U+00A9 (decimal 169)
   defining Unicode char U+00AA (decimal 170)
   defining Unicode char U+00AC (decimal 172)
   defining Unicode char U+00AE (decimal 174)
   defining Unicode char U+00AF (decimal 175)
   defining Unicode char U+00B0 (decimal 176)
   defining Unicode char U+00B1 (decimal 177)
   defining Unicode char U+00B2 (decimal 178)
   defining Unicode char U+00B3 (decimal 179)
   defining Unicode char U+00B4 (decimal 180)
   defining Unicode char U+00B5 (decimal 181)
   defining Unicode char U+00B6 (decimal 182)
   defining Unicode char U+00B7 (decimal 183)
   defining Unicode char U+00B9 (decimal 185)
   defining Unicode char U+00BA (decimal 186)
   defining Unicode char U+00BC (decimal 188)
   defining Unicode char U+00BD (decimal 189)
   defining Unicode char U+00BE (decimal 190)
   defining Unicode char U+00D7 (decimal 215)
   defining Unicode char U+00F7 (decimal 247)
   defining Unicode char U+0192 (decimal 402)
   defining Unicode char U+02C7 (decimal 711)
   defining Unicode char U+02D8 (decimal 728)
   defining Unicode char U+02DD (decimal 733)
   defining Unicode char U+0E3F (decimal 3647)
   defining Unicode char U+2016 (decimal 8214)
   defining Unicode char U+2020 (decimal 8224)
   defining Unicode char U+2021 (decimal 8225)
   defining Unicode char U+2022 (decimal 8226)
   defining Unicode char U+2030 (decimal 8240)
   defining Unicode char U+2031 (decimal 8241)
   defining Unicode char U+203B (decimal 8251)
   defining Unicode char U+203D (decimal 8253)
   defining Unicode char U+2044 (decimal 8260)
   defining Unicode char U+204E (decimal 8270)
   defining Unicode char U+2052 (decimal 8274)
   defining Unicode char U+20A1 (decimal 8353)
   defining Unicode char U+20A4 (decimal 8356)
   defining Unicode char U+20A6 (decimal 8358)
   defining Unicode char U+20A9 (decimal 8361)
   defining Unicode char U+20AB (decimal 8363)
   defining Unicode char U+20AC (decimal 8364)
   defining Unicode char U+20B1 (decimal 8369)
   defining Unicode char U+2103 (decimal 8451)
   defining Unicode char U+2116 (decimal 8470)
   defining Unicode char U+2117 (decimal 8471)
   defining Unicode char U+211E (decimal 8478)
   defining Unicode char U+2120 (decimal 8480)
   defining Unicode char U+2122 (decimal 8482)
   defining Unicode char U+2126 (decimal 8486)
   defining Unicode char U+2127 (decimal 8487)
   defining Unicode char U+212E (decimal 8494)
   defining Unicode char U+2190 (decimal 8592)
   defining Unicode char U+2191 (decimal 8593)
   defining Unicode char U+2192 (decimal 8594)
   defining Unicode char U+2193 (decimal 8595)
   defining Unicode char U+2329 (decimal 9001)
   defining Unicode char U+232A (decimal 9002)
   defining Unicode char U+2422 (decimal 9250)
   defining Unicode char U+25E6 (decimal 9702)
   defining Unicode char U+25EF (decimal 9711)
   defining Unicode char U+266A (decimal 9834)
))
LaTeX Info: Redefining \oldstylenums on input line 266.
Package textcomp Info: Setting cmr sub-encoding to TS1/0 on input line 281.
Package textcomp Info: Setting cmss sub-encoding to TS1/0 on input line 282.
Package textcomp Info: Setting cmtt sub-encoding to TS1/0 on input line 283.
Package textcomp Info: Setting cmvtt sub-encoding to TS1/0 on input line 284.
Package textcomp Info: Setting cmbr sub-encoding to TS1/0 on input line 285.
Package textcomp Info: Setting cmtl sub-encoding to TS1/0 on input line 286.
Package textcomp Info: Setting ccr sub-encoding to TS1/0 on input line 287.
Package textcomp Info: Setting ptm sub-encoding to TS1/4 on input line 288.
Package textcomp Info: Setting pcr sub-encoding to TS1/4 on input line 289.
Package textcomp Info: Setting phv sub-encoding to TS1/4 on input line 290.
Package textcomp Info: Setting ppl sub-encoding to TS1/3 on input line 291.
Package textcomp Info: Setting pag sub-encoding to TS1/4 on input line 292.
Package textcomp Info: Setting pbk sub-encoding to TS1/4 on input line 293.
Package textcomp Info: Setting pnc sub-encoding to TS1/4 on input line 294.
Package textcomp Info: Setting pzc sub-encoding to TS1/4 on input line 295.
Package textcomp Info: Setting bch sub-encoding to TS1/4 on input line 296.
Package textcomp Info: Setting put sub-encoding to TS1/5 on input line 297.
Package textcomp Info: Setting uag sub-encoding to TS1/5 on input line 298.
Package textcomp Info: Setting ugq sub-encoding to TS1/5 on input line 299.
Package textcomp Info: Setting ul8 sub-encoding to TS1/4 on input line 300.
Package textcomp Info: Setting ul9 sub-encoding to TS1/4 on input line 301.
Package textcomp Info: Setting augie sub-encoding to TS1/5 on input line 302.
Package textcomp Info: Setting dayrom sub-encoding to TS1/3 on input line 303.
Package textcomp Info: Setting dayroms sub-encoding to TS1/3 on input line 304.

Package textcomp Info: Setting pxr sub-encoding to TS1/0 on input line 305.
Package textcomp Info: Setting pxss sub-encoding to TS1/0 on input line 306.
Package textcomp Info: Setting pxtt sub-encoding to TS1/0 on input line 307.
Package textcomp Info: Setting txr sub-encoding to TS1/0 on input line 308.
Package textcomp Info: Setting txss sub-encoding to TS1/0 on input line 309.
Package textcomp Info: Setting txtt sub-encoding to TS1/0 on input line 310.
Package textcomp Info: Setting lmr sub-encoding to TS1/0 on input line 311.
Package textcomp Info: Setting lmdh sub-encoding to TS1/0 on input line 312.
Package textcomp Info: Setting lmss sub-encoding to TS1/0 on input line 313.
Package textcomp Info: Setting lmssq sub-encoding to TS1/0 on input line 314.
Package textcomp Info: Setting lmvtt sub-encoding to TS1/0 on input line 315.
Package textcomp Info: Setting qhv sub-encoding to TS1/0 on input line 316.
Package textcomp Info: Setting qag sub-encoding to TS1/0 on input line 317.
Package textcomp Info: Setting qbk sub-encoding to TS1/0 on input line 318.
Package textcomp Info: Setting qcr sub-encoding to TS1/0 on input line 319.
Package textcomp Info: Setting qcs sub-encoding to TS1/0 on input line 320.
Package textcomp Info: Setting qpl sub-encoding to TS1/0 on input line 321.
Package textcomp Info: Setting qtm sub-encoding to TS1/0 on input line 322.
Package textcomp Info: Setting qzc sub-encoding to TS1/0 on input line 323.
Package textcomp Info: Setting qhvc sub-encoding to TS1/0 on input line 324.
Package textcomp Info: Setting futs sub-encoding to TS1/4 on input line 325.
Package textcomp Info: Setting futx sub-encoding to TS1/4 on input line 326.
Package textcomp Info: Setting futj sub-encoding to TS1/4 on input line 327.
Package textcomp Info: Setting hlh sub-encoding to TS1/3 on input line 328.
Package textcomp Info: Setting hls sub-encoding to TS1/3 on input line 329.
Package textcomp Info: Setting hlst sub-encoding to TS1/3 on input line 330.
Package textcomp Info: Setting hlct sub-encoding to TS1/5 on input line 331.
Package textcomp Info: Setting hlx sub-encoding to TS1/5 on input line 332.
Package textcomp Info: Setting hlce sub-encoding to TS1/5 on input line 333.
Package textcomp Info: Setting hlcn sub-encoding to TS1/5 on input line 334.
Package textcomp Info: Setting hlcw sub-encoding to TS1/5 on input line 335.
Package textcomp Info: Setting hlcf sub-encoding to TS1/5 on input line 336.
Package textcomp Info: Setting pplx sub-encoding to TS1/3 on input line 337.
Package textcomp Info: Setting pplj sub-encoding to TS1/3 on input line 338.
Package textcomp Info: Setting ptmx sub-encoding to TS1/4 on input line 339.
Package textcomp Info: Setting ptmj sub-encoding to TS1/4 on input line 340.
)
(/usr/share/texlive/texmf-dist/tex/latex/float/float.sty
Package: float 2001/11/08 v1.3d Float enhancements (AL)
\c@float@type=\count96
\float@exts=\toks18
\float@box=\box28
\@float@everytoks=\toks19
\@floatcapt=\box29
)
(/usr/share/texlive/texmf-dist/tex/latex/subfig/subfig.sty
Package: subfig 2005/06/28 ver: 1.3 subfig package

(/usr/share/texlive/texmf-dist/tex/latex/caption/caption.sty
Package: caption 2013/05/02 v3.3-89 Customizing captions (AR)

(/usr/share/texlive/texmf-dist/tex/latex/caption/caption3.sty
Package: caption3 2013/05/02 v1.6-88 caption3 kernel (AR)
Package caption3 Info: TeX engine: e-TeX on input line 57.
\captionmargin=\dimen107
\captionmargin@=\dimen108
\captionwidth=\dimen109
\caption@tempdima=\dimen110
\caption@indent=\dimen111
\caption@parindent=\dimen112
\caption@hangindent=\dimen113
)
\c@ContinuedFloat=\count97
Package caption Info: float package is loaded.
Package caption Info: listings package is loaded.
)
\c@KVtest=\count98
\sf@farskip=\skip43
\sf@captopadj=\dimen114
\sf@capskip=\skip44
\sf@nearskip=\skip45
\c@subfigure=\count99
\c@subfigure@save=\count100
\c@lofdepth=\count101
\c@subtable=\count102
\c@subtable@save=\count103
\c@lotdepth=\count104
\sf@top=\skip46
\sf@bottom=\skip47
)
(/usr/share/texlive/texmf-dist/tex/latex/mh/mathtools.sty
Package: mathtools 2013/02/12 v1.13 mathematical typesetting tools

(/usr/share/texlive/texmf-dist/tex/latex/tools/calc.sty
Package: calc 2007/08/22 v4.3 Infix arithmetic (KKT,FJ)
\calc@Acount=\count105
\calc@Bcount=\count106
\calc@Adimen=\dimen115
\calc@Bdimen=\dimen116
\calc@Askip=\skip48
\calc@Bskip=\skip49
LaTeX Info: Redefining \setlength on input line 76.
LaTeX Info: Redefining \addtolength on input line 77.
\calc@Ccount=\count107
\calc@Cskip=\skip50
)
(/usr/share/texlive/texmf-dist/tex/latex/mh/mhsetup.sty
Package: mhsetup 2010/01/21 v1.2a programming setup (MH)
)
(/usr/share/texlive/texmf-dist/tex/latex/amsmath/amsmath.sty
Package: amsmath 2013/01/14 v2.14 AMS math features
\@mathmargin=\skip51

For additional information on amsmath, use the `?' option.
(/usr/share/texlive/texmf-dist/tex/latex/amsmath/amstext.sty
Package: amstext 2000/06/29 v2.01

(/usr/share/texlive/texmf-dist/tex/latex/amsmath/amsgen.sty
File: amsgen.sty 1999/11/30 v2.0
\@emptytoks=\toks20
\ex@=\dimen117
))
(/usr/share/texlive/texmf-dist/tex/latex/amsmath/amsbsy.sty
Package: amsbsy 1999/11/29 v1.2d
\pmbraise@=\dimen118
)
(/usr/share/texlive/texmf-dist/tex/latex/amsmath/amsopn.sty
Package: amsopn 1999/12/14 v2.01 operator names
)
\inf@bad=\count108
LaTeX Info: Redefining \frac on input line 210.
\uproot@=\count109
\leftroot@=\count110
LaTeX Info: Redefining \overline on input line 306.
\classnum@=\count111
\DOTSCASE@=\count112
LaTeX Info: Redefining \ldots on input line 378.
LaTeX Info: Redefining \dots on input line 381.
LaTeX Info: Redefining \cdots on input line 466.
\Mathstrutbox@=\box30
\strutbox@=\box31
\big@size=\dimen119
LaTeX Font Info:    Redeclaring font encoding OML on input line 566.
LaTeX Font Info:    Redeclaring font encoding OMS on input line 567.
\macc@depth=\count113
\c@MaxMatrixCols=\count114
\dotsspace@=\muskip10
\c@parentequation=\count115
\dspbrk@lvl=\count116
\tag@help=\toks21
\row@=\count117
\column@=\count118
\maxfields@=\count119
\andhelp@=\toks22
\eqnshift@=\dimen120
\alignsep@=\dimen121
\tagshift@=\dimen122
\tagwidth@=\dimen123
\totwidth@=\dimen124
\lineht@=\dimen125
\@envbody=\toks23
\multlinegap=\skip52
\multlinetaggap=\skip53
\mathdisplay@stack=\toks24
LaTeX Info: Redefining \[ on input line 2665.
LaTeX Info: Redefining \] on input line 2666.
)
LaTeX Info: Thecontrolsequence`\['isalreadyrobust on input line 129.
LaTeX Info: Thecontrolsequence`\]'isalreadyrobust on input line 129.
\g_MT_multlinerow_int=\count120
\l_MT_multwidth_dim=\dimen126
\origjot=\skip54
\l_MT_shortvdotswithinadjustabove_dim=\dimen127
\l_MT_shortvdotswithinadjustbelow_dim=\dimen128
\l_MT_above_intertext_sep=\dimen129
\l_MT_below_intertext_sep=\dimen130
\l_MT_above_shortintertext_sep=\dimen131
\l_MT_below_shortintertext_sep=\dimen132
)
(/usr/share/texlive/texmf-dist/tex/latex/setspace/setspace.sty
Package: setspace 2011/12/19 v6.7a set line spacing
)
(/usr/share/texlive/texmf-dist/tex/latex/graphics/graphicx.sty
Package: graphicx 1999/02/16 v1.0f Enhanced LaTeX Graphics (DPC,SPQR)

(/usr/share/texlive/texmf-dist/tex/latex/graphics/graphics.sty
Package: graphics 2009/02/05 v1.0o Standard LaTeX Graphics (DPC,SPQR)

(/usr/share/texlive/texmf-dist/tex/latex/graphics/trig.sty
Package: trig 1999/03/16 v1.09 sin cos tan (DPC)
)
(/usr/share/texlive/texmf-dist/tex/latex/latexconfig/graphics.cfg
File: graphics.cfg 2010/04/23 v1.9 graphics configuration of TeX Live
)
Package graphics Info: Driver file: pdftex.def on input line 91.

(/usr/share/texlive/texmf-dist/tex/latex/pdftex-def/pdftex.def
File: pdftex.def 2011/05/27 v0.06d Graphics/color for pdfTeX

(/usr/share/texlive/texmf-dist/tex/generic/oberdiek/infwarerr.sty
Package: infwarerr 2010/04/08 v1.3 Providing info/warning/error messages (HO)
)
(/usr/share/texlive/texmf-dist/tex/generic/oberdiek/ltxcmds.sty
Package: ltxcmds 2011/11/09 v1.22 LaTeX kernel commands for general use (HO)
)
\Gread@gobject=\count121
))
\Gin@req@height=\dimen133
\Gin@req@width=\dimen134
)
(/usr/share/texlive/texmf-dist/tex/latex/oberdiek/epstopdf.sty
Package: epstopdf 2010/02/09 v2.5 Conversion with epstopdf on the fly (HO)

(/usr/share/texlive/texmf-dist/tex/latex/oberdiek/epstopdf-base.sty
Package: epstopdf-base 2010/02/09 v2.5 Base part for package epstopdf

(/usr/share/texlive/texmf-dist/tex/latex/oberdiek/grfext.sty
Package: grfext 2010/08/19 v1.1 Manage graphics extensions (HO)

(/usr/share/texlive/texmf-dist/tex/generic/oberdiek/kvdefinekeys.sty
Package: kvdefinekeys 2011/04/07 v1.3 Define keys (HO)
))
(/usr/share/texlive/texmf-dist/tex/latex/oberdiek/kvoptions.sty
Package: kvoptions 2011/06/30 v3.11 Key value format for package options (HO)

(/usr/share/texlive/texmf-dist/tex/generic/oberdiek/kvsetkeys.sty
Package: kvsetkeys 2012/04/25 v1.16 Key value parser (HO)

(/usr/share/texlive/texmf-dist/tex/generic/oberdiek/etexcmds.sty
Package: etexcmds 2011/02/16 v1.5 Avoid name clashes with e-TeX commands (HO)

(/usr/share/texlive/texmf-dist/tex/generic/oberdiek/ifluatex.sty
Package: ifluatex 2010/03/01 v1.3 Provides the ifluatex switch (HO)
Package ifluatex Info: LuaTeX not detected.
)
Package etexcmds Info: Could not find \expanded.
(etexcmds)             That can mean that you are not using pdfTeX 1.50 or
(etexcmds)             that some package has redefined \expanded.
(etexcmds)             In the latter case, load this package earlier.
)))
(/usr/share/texlive/texmf-dist/tex/generic/oberdiek/pdftexcmds.sty
Package: pdftexcmds 2011/11/29 v0.20 Utility functions of pdfTeX for LuaTeX (HO
)

(/usr/share/texlive/texmf-dist/tex/generic/oberdiek/ifpdf.sty
Package: ifpdf 2011/01/30 v2.3 Provides the ifpdf switch (HO)
Package ifpdf Info: pdfTeX in PDF mode is detected.
)
Package pdftexcmds Info: LuaTeX not detected.
Package pdftexcmds Info: \pdf@primitive is available.
Package pdftexcmds Info: \pdf@ifprimitive is available.
Package pdftexcmds Info: \pdfdraftmode found.
)
Package grfext Info: Graphics extension search list:
(grfext)             [.png,.pdf,.jpg,.mps,.jpeg,.jbig2,.jb2,.PNG,.PDF,.JPG,.JPE
G,.JBIG2,.JB2,.eps]
(grfext)             \AppendGraphicsExtensions on input line 452.

(/usr/share/texlive/texmf-dist/tex/latex/latexconfig/epstopdf-sys.cfg
File: epstopdf-sys.cfg 2010/07/13 v1.3 Configuration of (r)epstopdf for TeX Liv
e
)))
(/usr/share/texlive/texmf-dist/tex/latex/appendix/appendix.sty
Package: appendix 2009/09/02 v1.2b extra appendix facilities
\c@@pps=\count122
\c@@ppsavesec=\count123
\c@@ppsaveapp=\count124
)
(/usr/share/texlive/texmf-dist/tex/latex/parskip/parskip.sty
Package: parskip 2001/04/09 non-zero parskip adjustments
)
(/usr/share/texlive/texmf-dist/tex/latex/tools/enumerate.sty
Package: enumerate 1999/03/05 v3.00 enumerate extensions (DPC)
\@enLab=\toks25
) (./tesis_main.aux)
\openout1 = `tesis_main.aux'.

LaTeX Font Info:    Checking defaults for OML/cmm/m/it on input line 44.
LaTeX Font Info:    ... okay on input line 44.
LaTeX Font Info:    Checking defaults for T1/cmr/m/n on input line 44.
LaTeX Font Info:    ... okay on input line 44.
LaTeX Font Info:    Checking defaults for OT1/cmr/m/n on input line 44.
LaTeX Font Info:    ... okay on input line 44.
LaTeX Font Info:    Checking defaults for OMS/cmsy/m/n on input line 44.
LaTeX Font Info:    ... okay on input line 44.
LaTeX Font Info:    Checking defaults for OMX/cmex/m/n on input line 44.
LaTeX Font Info:    ... okay on input line 44.
LaTeX Font Info:    Checking defaults for U/cmr/m/n on input line 44.
LaTeX Font Info:    ... okay on input line 44.
LaTeX Font Info:    Checking defaults for TS1/cmr/m/n on input line 44.
LaTeX Font Info:    Try loading font information for TS1+cmr on input line 44.
 (/usr/share/texlive/texmf-dist/tex/latex/base/ts1cmr.fd
File: ts1cmr.fd 1999/05/25 v2.5h Standard LaTeX font definitions
)
LaTeX Font Info:    ... okay on input line 44.
\c@lstlisting=\count125
Package caption Info: Begin \AtBeginDocument code.
Package caption Info: subfig package v1.3 is loaded.
Package caption Info: End \AtBeginDocument code.

(/usr/share/texlive/texmf-dist/tex/context/base/supp-pdf.mkii
[Loading MPS to PDF converter (version 2006.09.02).]
\scratchcounter=\count126
\scratchdimen=\dimen135
\scratchbox=\box32
\nofMPsegments=\count127
\nofMParguments=\count128
\everyMPshowfont=\toks26
\MPscratchCnt=\count129
\MPscratchDim=\dimen136
\MPnumerator=\count130
\makeMPintoPDFobject=\count131
\everyMPtoPDFconversion=\toks27
) (./caratula/caratula.tex <caratula/logo.png, id=1, 336.50719pt x 319.1925pt>
File: caratula/logo.png Graphic file (type png)

<use caratula/logo.png>
Package pdftex.def Info: caratula/logo.png used on input line 8.
(pdftex.def)             Requested size: 211.3883pt x 200.51274pt.
 [1

{/var/lib/texmf/fonts/map/pdftex/updmap/pdftex.map} <./caratula/logo.png>]) [2]
 (./tesis_main.toc [3

])
\tf@toc=\write3
\openout3 = `tesis_main.toc'.

 [4]
Cap\IeC {\'\i }tulo 1.
(./introduccion/introduccion.tex
Underfull \hbox (badness 10000) in paragraph at lines 3--4

 []


Underfull \hbox (badness 10000) in paragraph at lines 5--6

 []


Underfull \hbox (badness 10000) in paragraph at lines 7--8

 []


Underfull \hbox (badness 10000) in paragraph at lines 9--10

 []

[5

]
Underfull \hbox (badness 10000) in paragraph at lines 11--12

 []


Underfull \hbox (badness 10000) in paragraph at lines 13--14

 []


Underfull \hbox (badness 10000) in paragraph at lines 15--17

 []

[6]
Underfull \hbox (badness 10000) in paragraph at lines 20--21

 []


Underfull \hbox (badness 10000) in paragraph at lines 22--23

 []


Underfull \hbox (badness 10000) in paragraph at lines 24--25

 []


Underfull \hbox (badness 10000) in paragraph at lines 26--27

 []


Underfull \hbox (badness 10000) in paragraph at lines 28--29

 []

[7]
Underfull \hbox (badness 10000) in paragraph at lines 30--31

 []


Underfull \hbox (badness 10000) in paragraph at lines 32--33

 []


Underfull \hbox (badness 10000) in paragraph at lines 34--36

 []


Underfull \hbox (badness 10000) in paragraph at lines 37--41

 []


Underfull \hbox (badness 10000) in paragraph at lines 42--43

 []

[8]
Underfull \hbox (badness 10000) in paragraph at lines 64--65

 []

[9]
Underfull \hbox (badness 10000) in paragraph at lines 70--71

 []


Underfull \hbox (badness 10000) in paragraph at lines 72--73

 []


Underfull \hbox (badness 10000) in paragraph at lines 74--75

 []

) [10]
Cap\IeC {\'\i }tulo 2.
(./marco_teorico/marco_teorico.tex
Overfull \hbox (8.10394pt too wide) in paragraph at lines 7--8
\OT1/cmr/m/n/12 El mod-elo de "fuerza so-cial" b^^Sasico con-sid-era a los in-d
i-vid-uos como part^^S^^Pculas auto-impulsadas.
 []


Underfull \hbox (badness 10000) in paragraph at lines 7--8

 []

[11

] [12]
Underfull \hbox (badness 10000) in paragraph at lines 39--40

 []

[13]
Underfull \hbox (badness 10000) in paragraph at lines 60--63

 []

Package epstopdf Info: Source file: <figuras/big_bc.eps>
(epstopdf)                    date: 2016-08-13 18:47:38
(epstopdf)                    size: 671581 bytes
(epstopdf)             Output file: <figuras/big_bc-eps-converted-to.pdf>
(epstopdf)                    date: 2016-08-13 18:48:22
(epstopdf)                    size: 190735 bytes
(epstopdf)             Command: <repstopdf --outfile=figuras/big_bc-eps-convert
ed-to.pdf figuras/big_bc.eps>
(epstopdf)             \includegraphics on input line 70.
Package epstopdf Info: Output file is already uptodate.
<figuras/big_bc-eps-converted-to.pdf, id=60, 1028.84375pt x 1028.84375pt>
File: figuras/big_bc-eps-converted-to.pdf Graphic file (type pdf)

<use figuras/big_bc-eps-converted-to.pdf>
Package pdftex.def Info: figuras/big_bc-eps-converted-to.pdf used on input line
 70.
(pdftex.def)             Requested size: 199.16928pt x 199.17157pt.
Package epstopdf Info: Source file: <figuras/small_bc.eps>
(epstopdf)                    date: 2016-08-13 18:44:09
(epstopdf)                    size: 751822 bytes
(epstopdf)             Output file: <figuras/small_bc-eps-converted-to.pdf>
(epstopdf)                    date: 2016-08-13 18:45:25
(epstopdf)                    size: 215137 bytes
(epstopdf)             Command: <repstopdf --outfile=figuras/small_bc-eps-conve
rted-to.pdf figuras/small_bc.eps>
(epstopdf)             \includegraphics on input line 73.
Package epstopdf Info: Output file is already uptodate.

<figuras/small_bc-eps-converted-to.pdf, id=61, 1028.84375pt x 1028.84375pt>
File: figuras/small_bc-eps-converted-to.pdf Graphic file (type pdf)

<use figuras/small_bc-eps-converted-to.pdf>
Package pdftex.def Info: figuras/small_bc-eps-converted-to.pdf used on input li
ne 73.
(pdftex.def)             Requested size: 199.16928pt x 199.17157pt.
 [14]
Underfull \hbox (badness 10000) in paragraph at lines 93--96

 []

[15 <./figuras/big_bc-eps-converted-to.pdf> <./figuras/small_bc-eps-converted-t
o.pdf>] <figuras/esquema_verlet.png, id=76, 432.61626pt x 104.39pt>
File: figuras/esquema_verlet.png Graphic file (type png)

<use figuras/esquema_verlet.png>
Package pdftex.def Info: figuras/esquema_verlet.png used on input line 101.
(pdftex.def)             Requested size: 302.82932pt x 73.07248pt.
) [16 <./figuras/esquema_verlet.png>]
Cap\IeC {\'\i }tulo 3.
(./simulaciones/simulaciones.tex
Underfull \hbox (badness 10000) in paragraph at lines 5--9

 []


Underfull \hbox (badness 10000) in paragraph at lines 10--13

 []

[17

]
Package epstopdf Info: Source file: <figuras/0.eps>
(epstopdf)                    date: 2016-08-07 15:28:20
(epstopdf)                    size: 117927 bytes
(epstopdf)             Output file: <figuras/0-eps-converted-to.pdf>
(epstopdf)                    date: 2016-08-07 15:28:56
(epstopdf)                    size: 41366 bytes
(epstopdf)             Command: <repstopdf --outfile=figuras/0-eps-converted-to
.pdf figuras/0.eps>
(epstopdf)             \includegraphics on input line 20.
Package epstopdf Info: Output file is already uptodate.
 <figuras/0-eps-converted-to.pdf, id=84, 516.93124pt x 303.1325pt>
File: figuras/0-eps-converted-to.pdf Graphic file (type pdf)

<use figuras/0-eps-converted-to.pdf>
Package pdftex.def Info: figuras/0-eps-converted-to.pdf used on input line 20.
(pdftex.def)             Requested size: 232.6169pt x 136.40836pt.
Package epstopdf Info: Source file: <figuras/500.eps>
(epstopdf)                    date: 2016-08-07 12:56:43
(epstopdf)                    size: 65391 bytes
(epstopdf)             Output file: <figuras/500-eps-converted-to.pdf>
(epstopdf)                    date: 2016-08-07 14:23:02
(epstopdf)                    size: 32770 bytes
(epstopdf)             Command: <repstopdf --outfile=figuras/500-eps-converted-
to.pdf figuras/500.eps>
(epstopdf)             \includegraphics on input line 22.
Package epstopdf Info: Output file is already uptodate.

<figuras/500-eps-converted-to.pdf, id=85, 514.92375pt x 302.12875pt>
File: figuras/500-eps-converted-to.pdf Graphic file (type pdf)

<use figuras/500-eps-converted-to.pdf>
Package pdftex.def Info: figuras/500-eps-converted-to.pdf used on input line 22
.
(pdftex.def)             Requested size: 231.71355pt x 135.95668pt.
 [18 <./figuras/0-eps-converted-to.pdf> <./figuras/500-eps-converted-to.pdf>] [
19]
Underfull \hbox (badness 10000) in paragraph at lines 64--66

 []

[20] [21]
Underfull \hbox (badness 10000) in paragraph at lines 114--115

 []

[22]) [23]
Cap\IeC {\'\i }tulo 4.
(./resultados_discusion/resultados_discusion.tex
Underfull \hbox (badness 10000) in paragraph at lines 16--17

 []

[24

]
Package epstopdf Info: Source file: <figuras/press_225p_v4_onedoor_3_6.eps>
(epstopdf)                    date: 2016-09-14 16:28:39
(epstopdf)                    size: 129306 bytes
(epstopdf)             Output file: <figuras/press_225p_v4_onedoor_3_6-eps-conv
erted-to.pdf>
(epstopdf)                    date: 2016-09-21 15:28:04
(epstopdf)                    size: 12613 bytes
(epstopdf)             Command: <repstopdf --outfile=figuras/press_225p_v4_oned
oor_3_6-eps-converted-to.pdf figuras/press_225p_v4_onedoor_3_6.eps>
(epstopdf)             \includegraphics on input line 22.
Package epstopdf Info: Output file is already uptodate.

<figuras/press_225p_v4_onedoor_3_6-eps-converted-to.pdf, id=116, 209.78375pt x 
150.5625pt>
File: figuras/press_225p_v4_onedoor_3_6-eps-converted-to.pdf Graphic file (type
 pdf)
 <use figuras/press_225p_v4_onedoor_3_6-eps-converted-to.pdf>
Package pdftex.def Info: figuras/press_225p_v4_onedoor_3_6-eps-converted-to.pdf
 used on input line 22.
(pdftex.def)             Requested size: 209.78322pt x 150.56212pt.
Package epstopdf Info: Source file: <figuras/flujo_door_3_6m.eps>
(epstopdf)                    date: 2016-09-13 16:18:33
(epstopdf)                    size: 128777 bytes
(epstopdf)             Output file: <figuras/flujo_door_3_6m-eps-converted-to.p
df>
(epstopdf)                    date: 2016-09-13 16:22:31
(epstopdf)                    size: 15810 bytes
(epstopdf)             Command: <repstopdf --outfile=figuras/flujo_door_3_6m-ep
s-converted-to.pdf figuras/flujo_door_3_6m.eps>
(epstopdf)             \includegraphics on input line 24.
Package epstopdf Info: Output file is already uptodate.

<figuras/flujo_door_3_6m-eps-converted-to.pdf, id=117, 212.795pt x 150.5625pt>
File: figuras/flujo_door_3_6m-eps-converted-to.pdf Graphic file (type pdf)

<use figuras/flujo_door_3_6m-eps-converted-to.pdf>
Package pdftex.def Info: figuras/flujo_door_3_6m-eps-converted-to.pdf used on i
nput line 24.
(pdftex.def)             Requested size: 212.79446pt x 150.56212pt.

Underfull \hbox (badness 10000) in paragraph at lines 29--31

 []

[25 <./figuras/press_225p_v4_onedoor_3_6-eps-converted-to.pdf> <./figuras/flujo
_door_3_6m-eps-converted-to.pdf>]
Package epstopdf Info: Source file: <figuras/p_vel_t_100_3_6.eps>
(epstopdf)                    date: 2016-09-19 17:24:43
(epstopdf)                    size: 140920 bytes
(epstopdf)             Output file: <figuras/p_vel_t_100_3_6-eps-converted-to.p
df>
(epstopdf)                    date: 2016-09-22 16:43:38
(epstopdf)                    size: 16122 bytes
(epstopdf)             Command: <repstopdf --outfile=figuras/p_vel_t_100_3_6-ep
s-converted-to.pdf figuras/p_vel_t_100_3_6.eps>
(epstopdf)             \includegraphics on input line 36.
Package epstopdf Info: Output file is already uptodate.

<figuras/p_vel_t_100_3_6-eps-converted-to.pdf, id=138, 219.82124pt x 153.57375p
t>
File: figuras/p_vel_t_100_3_6-eps-converted-to.pdf Graphic file (type pdf)
 <use figuras/p_vel_t_100_3_6-eps-converted-to.pdf>
Package pdftex.def Info: figuras/p_vel_t_100_3_6-eps-converted-to.pdf used on i
nput line 36.
(pdftex.def)             Requested size: 351.71445pt x 245.7183pt.

Underfull \hbox (badness 10000) in paragraph at lines 45--46

 []

[26 <./figuras/p_vel_t_100_3_6-eps-converted-to.pdf>]
Underfull \hbox (badness 10000) in paragraph at lines 47--48

 []

Package epstopdf Info: Source file: <figuras/fig4_version0.eps>
(epstopdf)                    date: 2016-09-14 19:10:37
(epstopdf)                    size: 126399 bytes
(epstopdf)             Output file: <figuras/fig4_version0-eps-converted-to.pdf
>
(epstopdf)                    date: 2016-09-21 15:28:10
(epstopdf)                    size: 11618 bytes
(epstopdf)             Command: <repstopdf --outfile=figuras/fig4_version0-eps-
converted-to.pdf figuras/fig4_version0.eps>
(epstopdf)             \includegraphics on input line 54.
Package epstopdf Info: Output file is already uptodate.

<figuras/fig4_version0-eps-converted-to.pdf, id=152, 209.78375pt x 150.5625pt>
File: figuras/fig4_version0-eps-converted-to.pdf Graphic file (type pdf)

<use figuras/fig4_version0-eps-converted-to.pdf>
Package pdftex.def Info: figuras/fig4_version0-eps-converted-to.pdf used on inp
ut line 54.
(pdftex.def)             Requested size: 209.78322pt x 150.56212pt.
Package epstopdf Info: Source file: <figuras/flujo_door_1_2m.eps>
(epstopdf)                    date: 2016-09-13 16:20:38
(epstopdf)                    size: 131735 bytes
(epstopdf)             Output file: <figuras/flujo_door_1_2m-eps-converted-to.p
df>
(epstopdf)                    date: 2016-09-13 16:22:36
(epstopdf)                    size: 17093 bytes
(epstopdf)             Command: <repstopdf --outfile=figuras/flujo_door_1_2m-ep
s-converted-to.pdf figuras/flujo_door_1_2m.eps>
(epstopdf)             \includegraphics on input line 56.
Package epstopdf Info: Output file is already uptodate.

<figuras/flujo_door_1_2m-eps-converted-to.pdf, id=153, 212.795pt x 150.5625pt>
File: figuras/flujo_door_1_2m-eps-converted-to.pdf Graphic file (type pdf)

<use figuras/flujo_door_1_2m-eps-converted-to.pdf>
Package pdftex.def Info: figuras/flujo_door_1_2m-eps-converted-to.pdf used on i
nput line 56.
(pdftex.def)             Requested size: 212.79446pt x 150.56212pt.

Underfull \hbox (badness 10000) in paragraph at lines 61--62

 []

[27 <./figuras/fig4_version0-eps-converted-to.pdf> <./figuras/flujo_door_1_2m-e
ps-converted-to.pdf>]
Underfull \hbox (badness 10000) in paragraph at lines 63--65

 []


Underfull \hbox (badness 10000) in paragraph at lines 66--68

 []

Package epstopdf Info: Source file: <figuras/p_vel_t_100_1_2.eps>
(epstopdf)                    date: 2016-09-19 17:17:33
(epstopdf)                    size: 132475 bytes
(epstopdf)             Output file: <figuras/p_vel_t_100_1_2-eps-converted-to.p
df>
(epstopdf)                    date: 2016-09-22 16:43:44
(epstopdf)                    size: 13662 bytes
(epstopdf)             Command: <repstopdf --outfile=figuras/p_vel_t_100_1_2-ep
s-converted-to.pdf figuras/p_vel_t_100_1_2.eps>
(epstopdf)             \includegraphics on input line 73.
Package epstopdf Info: Output file is already uptodate.

<figuras/p_vel_t_100_1_2-eps-converted-to.pdf, id=169, 217.81375pt x 153.57375p
t>
File: figuras/p_vel_t_100_1_2-eps-converted-to.pdf Graphic file (type pdf)
 <use figuras/p_vel_t_100_1_2-eps-converted-to.pdf>
Package pdftex.def Info: figuras/p_vel_t_100_1_2-eps-converted-to.pdf used on i
nput line 73.
(pdftex.def)             Requested size: 348.50244pt x 245.7183pt.
 [28]
Package epstopdf Info: Source file: <figuras/p_dist.eps>
(epstopdf)                    date: 2016-09-21 15:20:31
(epstopdf)                    size: 124624 bytes
(epstopdf)             Output file: <figuras/p_dist-eps-converted-to.pdf>
(epstopdf)                    date: 2016-09-21 15:28:16
(epstopdf)                    size: 11377 bytes
(epstopdf)             Command: <repstopdf --outfile=figuras/p_dist-eps-convert
ed-to.pdf figuras/p_dist.eps>
(epstopdf)             \includegraphics on input line 82.
Package epstopdf Info: Output file is already uptodate.

<figuras/p_dist-eps-converted-to.pdf, id=173, 219.82124pt x 146.5475pt>
File: figuras/p_dist-eps-converted-to.pdf Graphic file (type pdf)

<use figuras/p_dist-eps-converted-to.pdf>
Package pdftex.def Info: figuras/p_dist-eps-converted-to.pdf used on input line
 82.
(pdftex.def)             Requested size: 351.71445pt x 234.47627pt.
 [29 <./figuras/p_vel_t_100_1_2-eps-converted-to.pdf>]
Underfull \hbox (badness 10000) in paragraph at lines 103--104

 []

[30 <./figuras/p_dist-eps-converted-to.pdf>] [31]
Underfull \hbox (badness 10000) in paragraph at lines 116--119

 []

Package epstopdf Info: Source file: <figuras/fis.eps>
(epstopdf)                    date: 2016-07-16 22:21:15
(epstopdf)                    size: 156826 bytes
(epstopdf)             Output file: <figuras/fis-eps-converted-to.pdf>
(epstopdf)                    date: 2016-09-12 19:32:34
(epstopdf)                    size: 21075 bytes
(epstopdf)             Command: <repstopdf --outfile=figuras/fis-eps-converted-
to.pdf figuras/fis.eps>
(epstopdf)             \includegraphics on input line 122.
Package epstopdf Info: Output file is already uptodate.
<figuras/fis-eps-converted-to.pdf, id=199, 210.7875pt x 150.5625pt>
File: figuras/fis-eps-converted-to.pdf Graphic file (type pdf)

<use figuras/fis-eps-converted-to.pdf>
Package pdftex.def Info: figuras/fis-eps-converted-to.pdf used on input line 12
2.
(pdftex.def)             Requested size: 337.26045pt x 240.9003pt.
 [32]
Underfull \hbox (badness 10000) in paragraph at lines 127--128

 []


Underfull \hbox (badness 10000) in paragraph at lines 133--135

 []

[33 <./figuras/fis-eps-converted-to.pdf>]
Package epstopdf Info: Source file: <figuras/gap_vste_225_v4.eps>
(epstopdf)                    date: 2016-07-04 14:25:46
(epstopdf)                    size: 133292 bytes
(epstopdf)             Output file: <figuras/gap_vste_225_v4-eps-converted-to.p
df>
(epstopdf)                    date: 2016-09-12 18:24:11
(epstopdf)                    size: 14363 bytes
(epstopdf)             Command: <repstopdf --outfile=figuras/gap_vste_225_v4-ep
s-converted-to.pdf figuras/gap_vste_225_v4.eps>
(epstopdf)             \includegraphics on input line 141.
Package epstopdf Info: Output file is already uptodate.

<figuras/gap_vste_225_v4-eps-converted-to.pdf, id=220, 212.795pt x 150.5625pt>
File: figuras/gap_vste_225_v4-eps-converted-to.pdf Graphic file (type pdf)

<use figuras/gap_vste_225_v4-eps-converted-to.pdf>
Package pdftex.def Info: figuras/gap_vste_225_v4-eps-converted-to.pdf used on i
nput line 141.
(pdftex.def)             Requested size: 340.47243pt x 240.9003pt.

Underfull \hbox (badness 10000) in paragraph at lines 146--149

 []

[34 <./figuras/gap_vste_225_v4-eps-converted-to.pdf>]
Underfull \hbox (badness 10000) in paragraph at lines 150--151

 []


Underfull \hbox (badness 10000) in paragraph at lines 152--153

 []

Package epstopdf Info: Source file: <figuras/fig1_version0.eps>
(epstopdf)                    date: 2016-07-05 12:28:05
(epstopdf)                    size: 156187 bytes
(epstopdf)             Output file: <figuras/fig1_version0-eps-converted-to.pdf
>
(epstopdf)                    date: 2016-07-05 12:50:36
(epstopdf)                    size: 21439 bytes
(epstopdf)             Command: <repstopdf --outfile=figuras/fig1_version0-eps-
converted-to.pdf figuras/fig1_version0.eps>
(epstopdf)             \includegraphics on input line 158.
Package epstopdf Info: Output file is already uptodate.

<figuras/fig1_version0-eps-converted-to.pdf, id=230, 213.79875pt x 150.5625pt>
File: figuras/fig1_version0-eps-converted-to.pdf Graphic file (type pdf)

<use figuras/fig1_version0-eps-converted-to.pdf>
Package pdftex.def Info: figuras/fig1_version0-eps-converted-to.pdf used on inp
ut line 158.
(pdftex.def)             Requested size: 213.79822pt x 150.56212pt.
Package epstopdf Info: Source file: <figuras/gap_vste_225_v4_v8.eps>
(epstopdf)                    date: 2016-07-04 14:09:41
(epstopdf)                    size: 120640 bytes
(epstopdf)             Output file: <figuras/gap_vste_225_v4_v8-eps-converted-t
o.pdf>
(epstopdf)                    date: 2016-07-05 12:50:48
(epstopdf)                    size: 10439 bytes
(epstopdf)             Command: <repstopdf --outfile=figuras/gap_vste_225_v4_v8
-eps-converted-to.pdf figuras/gap_vste_225_v4_v8.eps>
(epstopdf)             \includegraphics on input line 160.
Package epstopdf Info: Output file is already uptodate.

<figuras/gap_vste_225_v4_v8-eps-converted-to.pdf, id=231, 212.795pt x 150.5625p
t>
File: figuras/gap_vste_225_v4_v8-eps-converted-to.pdf Graphic file (type pdf)
 <use figuras/gap_vste_225_v4_v8-eps-converted-to.pdf>
Package pdftex.def Info: figuras/gap_vste_225_v4_v8-eps-converted-to.pdf used o
n input line 160.
(pdftex.def)             Requested size: 212.79446pt x 150.56212pt.
 [35]
Underfull \hbox (badness 10000) in paragraph at lines 169--170

 []


Underfull \hbox (badness 10000) in paragraph at lines 171--173

 []

[36 <./figuras/fig1_version0-eps-converted-to.pdf> <./figuras/gap_vste_225_v4_v
8-eps-converted-to.pdf>]
Package epstopdf Info: Source file: <figuras/proba_vsgap_v4_big_small.eps>
(epstopdf)                    date: 2016-07-04 15:55:25
(epstopdf)                    size: 124988 bytes
(epstopdf)             Output file: <figuras/proba_vsgap_v4_big_small-eps-conve
rted-to.pdf>
(epstopdf)                    date: 2016-09-12 18:49:15
(epstopdf)                    size: 11832 bytes
(epstopdf)             Command: <repstopdf --outfile=figuras/proba_vsgap_v4_big
_small-eps-converted-to.pdf figuras/proba_vsgap_v4_big_small.eps>
(epstopdf)             \includegraphics on input line 179.
Package epstopdf Info: Output file is already uptodate.

<figuras/proba_vsgap_v4_big_small-eps-converted-to.pdf, id=254, 217.81375pt x 1
50.5625pt>
File: figuras/proba_vsgap_v4_big_small-eps-converted-to.pdf Graphic file (type 
pdf)
 <use figuras/proba_vsgap_v4_big_small-eps-converted-to.pdf>
Package pdftex.def Info: figuras/proba_vsgap_v4_big_small-eps-converted-to.pdf 
used on input line 179.
(pdftex.def)             Requested size: 348.50244pt x 240.9003pt.
Package epstopdf Info: Source file: <figuras/proba_vsgap_all.eps>
(epstopdf)                    date: 2016-07-05 08:28:54
(epstopdf)                    size: 125258 bytes
(epstopdf)             Output file: <figuras/proba_vsgap_all-eps-converted-to.p
df>
(epstopdf)                    date: 2016-09-12 18:55:19
(epstopdf)                    size: 11933 bytes
(epstopdf)             Command: <repstopdf --outfile=figuras/proba_vsgap_all-ep
s-converted-to.pdf figuras/proba_vsgap_all.eps>
(epstopdf)             \includegraphics on input line 188.
Package epstopdf Info: Output file is already uptodate.

<figuras/proba_vsgap_all-eps-converted-to.pdf, id=255, 217.81375pt x 146.5475pt
>
File: figuras/proba_vsgap_all-eps-converted-to.pdf Graphic file (type pdf)
 <use figuras/proba_vsgap_all-eps-converted-to.pdf>
Package pdftex.def Info: figuras/proba_vsgap_all-eps-converted-to.pdf used on i
nput line 188.
(pdftex.def)             Requested size: 348.50244pt x 234.47627pt.
 [37 <./figuras/proba_vsgap_v4_big_small-eps-converted-to.pdf>]
Package epstopdf Info: Source file: <figuras/press_225p_v4_g0.eps>
(epstopdf)                    date: 2016-09-14 22:35:57
(epstopdf)                    size: 129804 bytes
(epstopdf)             Output file: <figuras/press_225p_v4_g0-eps-converted-to.
pdf>
(epstopdf)                    date: 2016-09-21 15:28:22
(epstopdf)                    size: 12753 bytes
(epstopdf)             Command: <repstopdf --outfile=figuras/press_225p_v4_g0-e
ps-converted-to.pdf figuras/press_225p_v4_g0.eps>
(epstopdf)             \includegraphics on input line 200.
Package epstopdf Info: Output file is already uptodate.

<figuras/press_225p_v4_g0-eps-converted-to.pdf, id=268, 209.78375pt x 150.5625p
t>
File: figuras/press_225p_v4_g0-eps-converted-to.pdf Graphic file (type pdf)
 <use figuras/press_225p_v4_g0-eps-converted-to.pdf>
Package pdftex.def Info: figuras/press_225p_v4_g0-eps-converted-to.pdf used on 
input line 200.
(pdftex.def)             Requested size: 335.65442pt x 240.9003pt.
 [38 <./figuras/proba_vsgap_all-eps-converted-to.pdf>]
Underfull \hbox (badness 10000) in paragraph at lines 205--206

 []

Package epstopdf Info: Source file: <figuras/isobaras_g1_5.eps>
(epstopdf)                    date: 2016-09-14 22:30:17
(epstopdf)                    size: 128825 bytes
(epstopdf)             Output file: <figuras/isobaras_g1_5-eps-converted-to.pdf
>
(epstopdf)                    date: 2016-09-21 15:28:28
(epstopdf)                    size: 12385 bytes
(epstopdf)             Command: <repstopdf --outfile=figuras/isobaras_g1_5-eps-
converted-to.pdf figuras/isobaras_g1_5.eps>
(epstopdf)             \includegraphics on input line 211.
Package epstopdf Info: Output file is already uptodate.

<figuras/isobaras_g1_5-eps-converted-to.pdf, id=280, 209.78375pt x 150.5625pt>
File: figuras/isobaras_g1_5-eps-converted-to.pdf Graphic file (type pdf)

<use figuras/isobaras_g1_5-eps-converted-to.pdf>
Package pdftex.def Info: figuras/isobaras_g1_5-eps-converted-to.pdf used on inp
ut line 211.
(pdftex.def)             Requested size: 209.78322pt x 150.56212pt.
Package epstopdf Info: Source file: <figuras/isobaras_g5.eps>
(epstopdf)                    date: 2016-09-14 22:31:23
(epstopdf)                    size: 127114 bytes
(epstopdf)             Output file: <figuras/isobaras_g5-eps-converted-to.pdf>
(epstopdf)                    date: 2016-09-21 15:28:33
(epstopdf)                    size: 11934 bytes
(epstopdf)             Command: <repstopdf --outfile=figuras/isobaras_g5-eps-co
nverted-to.pdf figuras/isobaras_g5.eps>
(epstopdf)             \includegraphics on input line 213.
Package epstopdf Info: Output file is already uptodate.

<figuras/isobaras_g5-eps-converted-to.pdf, id=281, 209.78375pt x 150.5625pt>
File: figuras/isobaras_g5-eps-converted-to.pdf Graphic file (type pdf)

<use figuras/isobaras_g5-eps-converted-to.pdf>
Package pdftex.def Info: figuras/isobaras_g5-eps-converted-to.pdf used on input
 line 213.
(pdftex.def)             Requested size: 209.78322pt x 150.56212pt.
 [39 <./figuras/press_225p_v4_g0-eps-converted-to.pdf>]) [40 <./figuras/isobara
s_g1_5-eps-converted-to.pdf> <./figuras/isobaras_g5-eps-converted-to.pdf>]
Cap\IeC {\'\i }tulo 5.
(./conclusiones/conclusiones.tex
Underfull \hbox (badness 10000) in paragraph at lines 1--2

 []


Underfull \hbox (badness 10000) in paragraph at lines 3--5

 []


Underfull \hbox (badness 10000) in paragraph at lines 6--7

 []


Underfull \hbox (badness 10000) in paragraph at lines 8--9

 []

[41

]
Underfull \hbox (badness 10000) in paragraph at lines 10--11

 []

) [42] [43


]
Ap\IeC {\'e}ndice A.
(./apendices/apendice_presion.tex
Underfull \hbox (badness 10000) in paragraph at lines 3--5

 []


Underfull \hbox (badness 10000) in paragraph at lines 17--19

 []

[44

]
Underfull \hbox (badness 10000) in paragraph at lines 26--29

 []


Underfull \hbox (badness 10000) in paragraph at lines 30--32

 []


Underfull \hbox (badness 10000) in paragraph at lines 39--40

 []


Underfull \hbox (badness 10000) in paragraph at lines 41--42

 []

[45]
Package epstopdf Info: Source file: <figuras/hilera.eps>
(epstopdf)                    date: 2016-08-12 16:08:03
(epstopdf)                    size: 6913 bytes
(epstopdf)             Output file: <figuras/hilera-eps-converted-to.pdf>
(epstopdf)                    date: 2016-08-18 16:54:23
(epstopdf)                    size: 5172 bytes
(epstopdf)             Command: <repstopdf --outfile=figuras/hilera-eps-convert
ed-to.pdf figuras/hilera.eps>
(epstopdf)             \includegraphics on input line 49.
Package epstopdf Info: Output file is already uptodate.
 <figuras/hilera-eps-converted-to.pdf, id=323, 296.10625pt x 96.36pt>
File: figuras/hilera-eps-converted-to.pdf Graphic file (type pdf)

<use figuras/hilera-eps-converted-to.pdf>
Package pdftex.def Info: figuras/hilera-eps-converted-to.pdf used on input line
 49.
(pdftex.def)             Requested size: 296.10551pt x 96.35974pt.

Underfull \hbox (badness 10000) in paragraph at lines 54--56

 []

[46 <./figuras/hilera-eps-converted-to.pdf>]
Underfull \hbox (badness 10000) in paragraph at lines 93--94

 []

[47]
Underfull \hbox (badness 10000) in paragraph at lines 102--103

 []

Package epstopdf Info: Source file: <figuras/fig16.eps>
(epstopdf)                    date: 2016-09-26 17:14:27
(epstopdf)                    size: 132899 bytes
(epstopdf)             Output file: <figuras/fig16-eps-converted-to.pdf>
(epstopdf)                    date: 2016-09-30 17:00:26
(epstopdf)                    size: 14137 bytes
(epstopdf)             Command: <repstopdf --outfile=figuras/fig16-eps-converte
d-to.pdf figuras/fig16.eps>
(epstopdf)             \includegraphics on input line 108.
Package epstopdf Info: Output file is already uptodate.
<figuras/fig16-eps-converted-to.pdf, id=332, 220.825pt x 150.5625pt>
File: figuras/fig16-eps-converted-to.pdf Graphic file (type pdf)

<use figuras/fig16-eps-converted-to.pdf>
Package pdftex.def Info: figuras/fig16-eps-converted-to.pdf used on input line 
108.
(pdftex.def)             Requested size: 220.82445pt x 150.56212pt.

Overfull \hbox (41.21246pt too wide) in paragraph at lines 113--114
[]\OT1/cmr/m/n/12 A con-tin-uaci^^Son se mostrar^^San los ejem-p-los que de-mue
s-tran c^^Somo el m^^Sodulo \OT1/cmtt/m/n/12 compute[]social[]pressure
 []

[48 <./figuras/fig16-eps-converted-to.pdf>]
<figuras/central.png, id=350, 283.0575pt x 247.92625pt>
File: figuras/central.png Graphic file (type png)

<use figuras/central.png>
Package pdftex.def Info: figuras/central.png used on input line 121.
(pdftex.def)             Requested size: 141.5284pt x 123.96281pt.
 [49 <./figuras/central.png>]
Package epstopdf Info: Source file: <figuras/hilera.eps>
(epstopdf)                    date: 2016-08-12 16:08:03
(epstopdf)                    size: 6913 bytes
(epstopdf)             Output file: <figuras/hilera-eps-converted-to.pdf>
(epstopdf)                    date: 2016-08-18 16:54:23
(epstopdf)                    size: 5172 bytes
(epstopdf)             Command: <repstopdf --outfile=figuras/hilera-eps-convert
ed-to.pdf figuras/hilera.eps>
(epstopdf)             \includegraphics on input line 186.
Package epstopdf Info: Output file is already uptodate.
File: figuras/hilera-eps-converted-to.pdf Graphic file (type pdf)

<use figuras/hilera-eps-converted-to.pdf>
Package pdftex.def Info: figuras/hilera-eps-converted-to.pdf used on input line
 186.
(pdftex.def)             Requested size: 296.10551pt x 96.35974pt.
 [50]) [51]
Ap\IeC {\'e}ndice B.
(./apendices/script_basico.tex
Underfull \hbox (badness 10000) in paragraph at lines 3--4

 []


Underfull \hbox (badness 10000) in paragraph at lines 5--7

 []


Underfull \hbox (badness 10000) in paragraph at lines 8--9

 []


Underfull \hbox (badness 10000) in paragraph at lines 10--11

 []

[52

]
Underfull \hbox (badness 10000) in paragraph at lines 12--13

 []


Underfull \hbox (badness 10000) in paragraph at lines 14--16

 []


Underfull \hbox (badness 10000) in paragraph at lines 17--18

 []

[53] [54] [55]) [56]
Ap\IeC {\'e}ndice C.
(./apendices/caracteristicas_tecnicas.tex [57

] [58] [59] [60])
(./tesis_main.bbl [61] [62

] [63]) [64] (./tesis_main.aux) ) 
Here is how much of TeX's memory you used:
 6383 strings out of 494985
 97299 string characters out of 6180356
 151304 words of memory out of 5000000
 9438 multiletter control sequences out of 15000+600000
 12989 words of font info for 46 fonts, out of 8000000 for 9000
 36 hyphenation exceptions out of 8191
 44i,9n,47p,1116b,402s stack positions out of 5000i,500n,10000p,200000b,80000s
</usr/share/texlive/texmf-dist/fonts/type1/pub
lic/amsfonts/cm/cmbx12.pfb></usr/share/texlive/texmf-dist/fonts/type1/public/am
sfonts/cm/cmbx8.pfb></usr/share/texlive/texmf-dist/fonts/type1/public/amsfonts/
cm/cmcsc10.pfb></usr/share/texlive/texmf-dist/fonts/type1/public/amsfonts/cm/cm
ex10.pfb></usr/share/texlive/texmf-dist/fonts/type1/public/amsfonts/cm/cmmi12.p
fb></usr/share/texlive/texmf-dist/fonts/type1/public/amsfonts/cm/cmmi6.pfb></us
r/share/texlive/texmf-dist/fonts/type1/public/amsfonts/cm/cmmi8.pfb></usr/share
/texlive/texmf-dist/fonts/type1/public/amsfonts/cm/cmmi9.pfb></usr/share/texliv
e/texmf-dist/fonts/type1/public/amsfonts/cm/cmr10.pfb></usr/share/texlive/texmf
-dist/fonts/type1/public/amsfonts/cm/cmr12.pfb></usr/share/texlive/texmf-dist/f
onts/type1/public/amsfonts/cm/cmr17.pfb></usr/share/texlive/texmf-dist/fonts/ty
pe1/public/amsfonts/cm/cmr6.pfb></usr/share/texlive/texmf-dist/fonts/type1/publ
ic/amsfonts/cm/cmr8.pfb></usr/share/texlive/texmf-dist/fonts/type1/public/amsfo
nts/cm/cmsl10.pfb></usr/share/texlive/texmf-dist/fonts/type1/public/amsfonts/cm
/cmsy10.pfb></usr/share/texlive/texmf-dist/fonts/type1/public/amsfonts/cm/cmsy6
.pfb></usr/share/texlive/texmf-dist/fonts/type1/public/amsfonts/cm/cmsy8.pfb></
usr/share/texlive/texmf-dist/fonts/type1/public/amsfonts/cm/cmti10.pfb></usr/sh
are/texlive/texmf-dist/fonts/type1/public/amsfonts/cm/cmti12.pfb></usr/share/te
xlive/texmf-dist/fonts/type1/public/amsfonts/cm/cmtt12.pfb></usr/share/texlive/
texmf-dist/fonts/type1/urw/ncntrsbk/uncr8a.pfb>
Output written on tesis_main.pdf (64 pages, 1122293 bytes).
PDF statistics:
 461 PDF objects out of 1000 (max. 8388607)
 338 compressed objects within 4 object streams
 0 named destinations out of 1000 (max. 500000)
 126 words of extra memory for PDF output out of 10000 (max. 10000000)

